<?xml version="1.0" encoding="UTF-8"?>
<coverage generated="1725211712279" clover="3.2.0">
  <project timestamp="1725211712279" name="All files">
    <metrics statements="75" coveredstatements="70" conditionals="28" coveredconditionals="23" methods="28" coveredmethods="26" elements="131" coveredelements="119" complexity="0" loc="75" ncloc="75" packages="2" files="9" classes="9"/>
    <package name="Utils">
      <metrics statements="1" coveredstatements="1" conditionals="0" coveredconditionals="0" methods="0" coveredmethods="0"/>
      <file name="appStore.js" path="C:\Users\jaina\Desktop\Learnings\Hello-React\src\Utils\appStore.js">
        <metrics statements="1" coveredstatements="1" conditionals="0" coveredconditionals="0" methods="0" coveredmethods="0"/>
        <line num="4" count="2" type="stmt"/>
      </file>
    </package>
    <package name="components">
      <metrics statements="74" coveredstatements="69" conditionals="28" coveredconditionals="23" methods="28" coveredmethods="26"/>
      <file name="Body.js" path="C:\Users\jaina\Desktop\Learnings\Hello-React\src\components\Body.js">
        <metrics statements="29" coveredstatements="26" conditionals="4" coveredconditionals="3" methods="11" coveredmethods="9"/>
        <line num="8" count="1" type="stmt"/>
        <line num="9" count="7" type="stmt"/>
        <line num="10" count="7" type="stmt"/>
        <line num="11" count="7" type="stmt"/>
        <line num="13" count="7" type="stmt"/>
        <line num="15" count="7" type="stmt"/>
        <line num="19" count="7" type="stmt"/>
        <line num="20" count="2" type="stmt"/>
        <line num="23" count="7" type="stmt"/>
        <line num="24" count="2" type="stmt"/>
        <line num="27" count="2" type="stmt"/>
        <line num="28" count="2" type="stmt"/>
        <line num="31" count="2" type="stmt"/>
        <line num="38" count="7" type="stmt"/>
        <line num="40" count="7" type="cond" truecount="1" falsecount="1"/>
        <line num="41" count="0" type="stmt"/>
        <line num="48" count="7" type="cond" truecount="2" falsecount="0"/>
        <line num="49" count="2" type="stmt"/>
        <line num="52" count="5" type="stmt"/>
        <line num="61" count="1" type="stmt"/>
        <line num="67" count="1" type="stmt"/>
        <line num="68" count="20" type="stmt"/>
        <line num="70" count="1" type="stmt"/>
        <line num="78" count="1" type="stmt"/>
        <line num="79" count="20" type="stmt"/>
        <line num="81" count="1" type="stmt"/>
        <line num="89" count="0" type="stmt"/>
        <line num="101" count="0" type="stmt"/>
        <line num="108" count="72" type="stmt"/>
      </file>
      <file name="Cart.js" path="C:\Users\jaina\Desktop\Learnings\Hello-React\src\components\Cart.js">
        <metrics statements="6" coveredstatements="6" conditionals="2" coveredconditionals="2" methods="3" coveredmethods="3"/>
        <line num="5" count="1" type="stmt"/>
        <line num="6" count="8" type="stmt"/>
        <line num="8" count="4" type="stmt"/>
        <line num="9" count="4" type="stmt"/>
        <line num="10" count="1" type="stmt"/>
        <line num="12" count="4" type="stmt"/>
      </file>
      <file name="Contact.js" path="C:\Users\jaina\Desktop\Learnings\Hello-React\src\components\Contact.js">
        <metrics statements="2" coveredstatements="2" conditionals="0" coveredconditionals="0" methods="1" coveredmethods="1"/>
        <line num="1" count="1" type="stmt"/>
        <line num="2" count="3" type="stmt"/>
      </file>
      <file name="Header.js" path="C:\Users\jaina\Desktop\Learnings\Hello-React\src\components\Header.js">
        <metrics statements="8" coveredstatements="8" conditionals="8" coveredconditionals="6" methods="3" coveredmethods="3"/>
        <line num="8" count="2" type="stmt"/>
        <line num="9" count="9" type="stmt"/>
        <line num="11" count="9" type="stmt"/>
        <line num="15" count="9" type="stmt"/>
        <line num="17" count="9" type="stmt"/>
        <line num="19" count="17" type="stmt"/>
        <line num="23" count="9" type="stmt"/>
        <line num="61" count="1" type="cond" truecount="1" falsecount="1"/>
      </file>
      <file name="Itemlist.js" path="C:\Users\jaina\Desktop\Learnings\Hello-React\src\components\Itemlist.js">
        <metrics statements="7" coveredstatements="7" conditionals="4" coveredconditionals="4" methods="4" coveredmethods="4"/>
        <line num="5" count="1" type="stmt"/>
        <line num="6" count="5" type="stmt"/>
        <line num="7" count="5" type="stmt"/>
        <line num="9" count="2" type="stmt"/>
        <line num="12" count="5" type="stmt"/>
        <line num="15" count="23" type="stmt"/>
        <line num="44" count="2" type="stmt"/>
      </file>
      <file name="RestaurantCard.js" path="C:\Users\jaina\Desktop\Learnings\Hello-React\src\components\RestaurantCard.js">
        <metrics statements="3" coveredstatements="3" conditionals="0" coveredconditionals="0" methods="1" coveredmethods="1"/>
        <line num="3" count="2" type="stmt"/>
        <line num="4" count="73" type="stmt"/>
        <line num="5" count="73" type="stmt"/>
      </file>
      <file name="RestaurantMenu.js" path="C:\Users\jaina\Desktop\Learnings\Hello-React\src\components\RestaurantMenu.js">
        <metrics statements="17" coveredstatements="15" conditionals="10" coveredconditionals="8" methods="4" coveredmethods="4"/>
        <line num="7" count="1" type="stmt"/>
        <line num="8" count="3" type="stmt"/>
        <line num="10" count="3" type="stmt"/>
        <line num="12" count="3" type="stmt"/>
        <line num="14" count="3" type="cond" truecount="2" falsecount="0"/>
        <line num="15" count="1" type="stmt"/>
        <line num="19" count="2" type="stmt"/>
        <line num="22" count="2" type="stmt"/>
        <line num="25" count="2" type="stmt"/>
        <line num="27" count="2" type="cond" truecount="3" falsecount="1"/>
        <line num="29" count="0" type="stmt"/>
        <line num="31" count="0" type="stmt"/>
        <line num="36" count="2" type="stmt"/>
        <line num="38" count="28" type="stmt"/>
        <line num="44" count="2" type="stmt"/>
        <line num="54" count="14" type="stmt"/>
        <line num="59" count="1" type="cond" truecount="1" falsecount="1"/>
      </file>
      <file name="sum.js" path="C:\Users\jaina\Desktop\Learnings\Hello-React\src\components\sum.js">
        <metrics statements="2" coveredstatements="2" conditionals="0" coveredconditionals="0" methods="1" coveredmethods="1"/>
        <line num="1" count="1" type="stmt"/>
        <line num="2" count="1" type="stmt"/>
      </file>
    </package>
  </project>
</coverage>
