{"C:\\Users\\jaina\\Desktop\\Learnings\\Hello-React\\src\\Utils\\appStore.js": {"path":"C:\\Users\\jaina\\Desktop\\Learnings\\Hello-React\\src\\Utils\\appStore.js","statementMap":{"0":{"start":{"line":4,"column":17},"end":{"line":8,"column":2}}},"fnMap":{},"branchMap":{},"s":{"0":2},"f":{},"b":{},"_coverageSchema":"1a1c01bbd47fc00a2c39e90264f33305004495a9","hash":"cb973c03e935dd0df104c6ccf395fb41a7cbf1b6"}
,"C:\\Users\\jaina\\Desktop\\Learnings\\Hello-React\\src\\components\\Body.js": {"path":"C:\\Users\\jaina\\Desktop\\Learnings\\Hello-React\\src\\components\\Body.js","statementMap":{"0":{"start":{"line":8,"column":13},"end":{"line":119,"column":1}},"1":{"start":{"line":9,"column":51},"end":{"line":9,"column":63}},"2":{"start":{"line":10,"column":54},"end":{"line":10,"column":66}},"3":{"start":{"line":11,"column":38},"end":{"line":11,"column":50}},"4":{"start":{"line":13,"column":40},"end":{"line":13,"column":63}},"5":{"start":{"line":15,"column":16},"end":{"line":17,"column":3}},"6":{"start":{"line":19,"column":2},"end":{"line":21,"column":9}},"7":{"start":{"line":20,"column":4},"end":{"line":20,"column":16}},"8":{"start":{"line":23,"column":20},"end":{"line":34,"column":3}},"9":{"start":{"line":24,"column":17},"end":{"line":26,"column":5}},"10":{"start":{"line":27,"column":17},"end":{"line":27,"column":34}},"11":{"start":{"line":28,"column":4},"end":{"line":30,"column":6}},"12":{"start":{"line":31,"column":4},"end":{"line":33,"column":6}},"13":{"start":{"line":38,"column":23},"end":{"line":38,"column":40}},"14":{"start":{"line":40,"column":2},"end":{"line":46,"column":3}},"15":{"start":{"line":41,"column":4},"end":{"line":45,"column":6}},"16":{"start":{"line":48,"column":2},"end":{"line":50,"column":3}},"17":{"start":{"line":49,"column":4},"end":{"line":49,"column":23}},"18":{"start":{"line":52,"column":2},"end":{"line":118,"column":4}},"19":{"start":{"line":61,"column":12},"end":{"line":61,"column":42}},"20":{"start":{"line":67,"column":39},"end":{"line":69,"column":13}},"21":{"start":{"line":68,"column":14},"end":{"line":68,"column":76}},"22":{"start":{"line":70,"column":12},"end":{"line":70,"column":54}},"23":{"start":{"line":78,"column":33},"end":{"line":80,"column":13}},"24":{"start":{"line":79,"column":23},"end":{"line":79,"column":47}},"25":{"start":{"line":81,"column":12},"end":{"line":81,"column":48}},"26":{"start":{"line":89,"column":12},"end":{"line":89,"column":43}},"27":{"start":{"line":101,"column":14},"end":{"line":101,"column":42}},"28":{"start":{"line":108,"column":10},"end":{"line":114,"column":17}}},"fnMap":{"0":{"name":"(anonymous_0)","decl":{"start":{"line":8,"column":13},"end":{"line":8,"column":14}},"loc":{"start":{"line":8,"column":19},"end":{"line":119,"column":1}},"line":8},"1":{"name":"(anonymous_1)","decl":{"start":{"line":19,"column":12},"end":{"line":19,"column":13}},"loc":{"start":{"line":19,"column":18},"end":{"line":21,"column":3}},"line":19},"2":{"name":"(anonymous_2)","decl":{"start":{"line":23,"column":20},"end":{"line":23,"column":21}},"loc":{"start":{"line":23,"column":32},"end":{"line":34,"column":3}},"line":23},"3":{"name":"(anonymous_3)","decl":{"start":{"line":60,"column":20},"end":{"line":60,"column":21}},"loc":{"start":{"line":60,"column":27},"end":{"line":62,"column":11}},"line":60},"4":{"name":"(anonymous_4)","decl":{"start":{"line":66,"column":19},"end":{"line":66,"column":20}},"loc":{"start":{"line":66,"column":25},"end":{"line":71,"column":11}},"line":66},"5":{"name":"(anonymous_5)","decl":{"start":{"line":67,"column":64},"end":{"line":67,"column":65}},"loc":{"start":{"line":68,"column":14},"end":{"line":68,"column":76}},"line":68},"6":{"name":"(anonymous_6)","decl":{"start":{"line":77,"column":19},"end":{"line":77,"column":20}},"loc":{"start":{"line":77,"column":25},"end":{"line":82,"column":11}},"line":77},"7":{"name":"(anonymous_7)","decl":{"start":{"line":79,"column":14},"end":{"line":79,"column":15}},"loc":{"start":{"line":79,"column":23},"end":{"line":79,"column":47}},"line":79},"8":{"name":"(anonymous_8)","decl":{"start":{"line":88,"column":19},"end":{"line":88,"column":20}},"loc":{"start":{"line":88,"column":25},"end":{"line":90,"column":11}},"line":88},"9":{"name":"(anonymous_9)","decl":{"start":{"line":100,"column":22},"end":{"line":100,"column":23}},"loc":{"start":{"line":100,"column":29},"end":{"line":102,"column":13}},"line":100},"10":{"name":"(anonymous_10)","decl":{"start":{"line":107,"column":32},"end":{"line":107,"column":33}},"loc":{"start":{"line":108,"column":10},"end":{"line":114,"column":17}},"line":108}},"branchMap":{"0":{"loc":{"start":{"line":40,"column":2},"end":{"line":46,"column":3}},"type":"if","locations":[{"start":{"line":40,"column":2},"end":{"line":46,"column":3}},{"start":{},"end":{}}],"line":40},"1":{"loc":{"start":{"line":48,"column":2},"end":{"line":50,"column":3}},"type":"if","locations":[{"start":{"line":48,"column":2},"end":{"line":50,"column":3}},{"start":{},"end":{}}],"line":48}},"s":{"0":1,"1":7,"2":7,"3":7,"4":7,"5":7,"6":7,"7":2,"8":7,"9":2,"10":2,"11":2,"12":2,"13":7,"14":7,"15":0,"16":7,"17":2,"18":5,"19":1,"20":1,"21":20,"22":1,"23":1,"24":20,"25":1,"26":0,"27":0,"28":72},"f":{"0":7,"1":2,"2":2,"3":1,"4":1,"5":20,"6":1,"7":20,"8":0,"9":0,"10":72},"b":{"0":[0,7],"1":[2,5]},"_coverageSchema":"1a1c01bbd47fc00a2c39e90264f33305004495a9","hash":"14d5750bd6af9f76ebcc0bb64fce614b210d3c28"}
,"C:\\Users\\jaina\\Desktop\\Learnings\\Hello-React\\src\\components\\Cart.js": {"path":"C:\\Users\\jaina\\Desktop\\Learnings\\Hello-React\\src\\components\\Cart.js","statementMap":{"0":{"start":{"line":5,"column":13},"end":{"line":36,"column":1}},"1":{"start":{"line":6,"column":20},"end":{"line":6,"column":60}},"2":{"start":{"line":6,"column":43},"end":{"line":6,"column":59}},"3":{"start":{"line":8,"column":19},"end":{"line":8,"column":32}},"4":{"start":{"line":9,"column":26},"end":{"line":11,"column":3}},"5":{"start":{"line":10,"column":4},"end":{"line":10,"column":26}},"6":{"start":{"line":12,"column":2},"end":{"line":35,"column":4}}},"fnMap":{"0":{"name":"(anonymous_0)","decl":{"start":{"line":5,"column":13},"end":{"line":5,"column":14}},"loc":{"start":{"line":5,"column":19},"end":{"line":36,"column":1}},"line":5},"1":{"name":"(anonymous_1)","decl":{"start":{"line":6,"column":32},"end":{"line":6,"column":33}},"loc":{"start":{"line":6,"column":43},"end":{"line":6,"column":59}},"line":6},"2":{"name":"(anonymous_2)","decl":{"start":{"line":9,"column":26},"end":{"line":9,"column":27}},"loc":{"start":{"line":9,"column":32},"end":{"line":11,"column":3}},"line":9}},"branchMap":{"0":{"loc":{"start":{"line":22,"column":9},"end":{"line":31,"column":9}},"type":"binary-expr","locations":[{"start":{"line":22,"column":9},"end":{"line":22,"column":31}},{"start":{"line":23,"column":10},"end":{"line":30,"column":16}}],"line":22}},"s":{"0":1,"1":4,"2":8,"3":4,"4":4,"5":1,"6":4},"f":{"0":4,"1":8,"2":1},"b":{"0":[4,2]},"_coverageSchema":"1a1c01bbd47fc00a2c39e90264f33305004495a9","hash":"4b070de1e204ab7ad36d68ec9b526dd93cc86e1c"}
,"C:\\Users\\jaina\\Desktop\\Learnings\\Hello-React\\src\\components\\Contact.js": {"path":"C:\\Users\\jaina\\Desktop\\Learnings\\Hello-React\\src\\components\\Contact.js","statementMap":{"0":{"start":{"line":1,"column":16},"end":{"line":26,"column":1}},"1":{"start":{"line":2,"column":2},"end":{"line":25,"column":4}}},"fnMap":{"0":{"name":"(anonymous_0)","decl":{"start":{"line":1,"column":16},"end":{"line":1,"column":17}},"loc":{"start":{"line":1,"column":22},"end":{"line":26,"column":1}},"line":1}},"branchMap":{},"s":{"0":1,"1":3},"f":{"0":3},"b":{},"_coverageSchema":"1a1c01bbd47fc00a2c39e90264f33305004495a9","hash":"f2f0dd4937c8a2b4d4e4d2c730f0bd2d19e4b8bc"}
,"C:\\Users\\jaina\\Desktop\\Learnings\\Hello-React\\src\\components\\Header.js": {"path":"C:\\Users\\jaina\\Desktop\\Learnings\\Hello-React\\src\\components\\Header.js","statementMap":{"0":{"start":{"line":8,"column":15},"end":{"line":78,"column":1}},"1":{"start":{"line":9,"column":32},"end":{"line":9,"column":49}},"2":{"start":{"line":11,"column":16},"end":{"line":13,"column":3}},"3":{"start":{"line":15,"column":23},"end":{"line":15,"column":40}},"4":{"start":{"line":17,"column":27},"end":{"line":17,"column":50}},"5":{"start":{"line":19,"column":20},"end":{"line":19,"column":60}},"6":{"start":{"line":19,"column":43},"end":{"line":19,"column":59}},"7":{"start":{"line":23,"column":2},"end":{"line":77,"column":4}},"8":{"start":{"line":61,"column":16},"end":{"line":63,"column":40}}},"fnMap":{"0":{"name":"(anonymous_0)","decl":{"start":{"line":8,"column":15},"end":{"line":8,"column":16}},"loc":{"start":{"line":8,"column":21},"end":{"line":78,"column":1}},"line":8},"1":{"name":"(anonymous_1)","decl":{"start":{"line":19,"column":32},"end":{"line":19,"column":33}},"loc":{"start":{"line":19,"column":43},"end":{"line":19,"column":59}},"line":19},"2":{"name":"(anonymous_2)","decl":{"start":{"line":60,"column":23},"end":{"line":60,"column":24}},"loc":{"start":{"line":60,"column":29},"end":{"line":64,"column":15}},"line":60}},"branchMap":{"0":{"loc":{"start":{"line":28,"column":46},"end":{"line":28,"column":70}},"type":"cond-expr","locations":[{"start":{"line":28,"column":61},"end":{"line":28,"column":64}},{"start":{"line":28,"column":67},"end":{"line":28,"column":70}}],"line":28},"1":{"loc":{"start":{"line":58,"column":16},"end":{"line":58,"column":75}},"type":"cond-expr","locations":[{"start":{"line":58,"column":38},"end":{"line":58,"column":56}},{"start":{"line":58,"column":59},"end":{"line":58,"column":75}}],"line":58},"2":{"loc":{"start":{"line":61,"column":16},"end":{"line":63,"column":39}},"type":"cond-expr","locations":[{"start":{"line":62,"column":20},"end":{"line":62,"column":40}},{"start":{"line":63,"column":20},"end":{"line":63,"column":39}}],"line":61},"3":{"loc":{"start":{"line":69,"column":11},"end":{"line":73,"column":11}},"type":"cond-expr","locations":[{"start":{"line":70,"column":12},"end":{"line":70,"column":80}},{"start":{"line":72,"column":12},"end":{"line":72,"column":14}}],"line":69}},"s":{"0":2,"1":9,"2":9,"3":9,"4":9,"5":9,"6":17,"7":9,"8":1},"f":{"0":9,"1":17,"2":1},"b":{"0":[9,0],"1":[8,1],"2":[1,0],"3":[1,8]},"_coverageSchema":"1a1c01bbd47fc00a2c39e90264f33305004495a9","hash":"e59d60c7862bf23a28722ac8e17945c7f1aa54a0"}
,"C:\\Users\\jaina\\Desktop\\Learnings\\Hello-React\\src\\components\\Itemlist.js": {"path":"C:\\Users\\jaina\\Desktop\\Learnings\\Hello-React\\src\\components\\Itemlist.js","statementMap":{"0":{"start":{"line":5,"column":17},"end":{"line":58,"column":1}},"1":{"start":{"line":6,"column":19},"end":{"line":6,"column":32}},"2":{"start":{"line":7,"column":24},"end":{"line":10,"column":3}},"3":{"start":{"line":9,"column":4},"end":{"line":9,"column":28}},"4":{"start":{"line":12,"column":2},"end":{"line":57,"column":4}},"5":{"start":{"line":15,"column":8},"end":{"line":54,"column":14}},"6":{"start":{"line":44,"column":31},"end":{"line":44,"column":50}}},"fnMap":{"0":{"name":"(anonymous_0)","decl":{"start":{"line":5,"column":17},"end":{"line":5,"column":18}},"loc":{"start":{"line":5,"column":32},"end":{"line":58,"column":1}},"line":5},"1":{"name":"(anonymous_1)","decl":{"start":{"line":7,"column":24},"end":{"line":7,"column":25}},"loc":{"start":{"line":7,"column":34},"end":{"line":10,"column":3}},"line":7},"2":{"name":"(anonymous_2)","decl":{"start":{"line":14,"column":17},"end":{"line":14,"column":18}},"loc":{"start":{"line":15,"column":8},"end":{"line":54,"column":14}},"line":15},"3":{"name":"(anonymous_3)","decl":{"start":{"line":44,"column":25},"end":{"line":44,"column":26}},"loc":{"start":{"line":44,"column":31},"end":{"line":44,"column":50}},"line":44}},"branchMap":{"0":{"loc":{"start":{"line":27,"column":17},"end":{"line":28,"column":51}},"type":"binary-expr","locations":[{"start":{"line":27,"column":17},"end":{"line":27,"column":43}},{"start":{"line":28,"column":18},"end":{"line":28,"column":51}}],"line":27},"1":{"loc":{"start":{"line":31,"column":17},"end":{"line":33,"column":66}},"type":"cond-expr","locations":[{"start":{"line":32,"column":20},"end":{"line":32,"column":72}},{"start":{"line":33,"column":20},"end":{"line":33,"column":66}}],"line":31}},"s":{"0":1,"1":5,"2":5,"3":2,"4":5,"5":23,"6":2},"f":{"0":5,"1":2,"2":23,"3":2},"b":{"0":[23,11],"1":[21,2]},"_coverageSchema":"1a1c01bbd47fc00a2c39e90264f33305004495a9","hash":"c3f2a6efa14d0bbe21e1b28676e5e1a279c843ff"}
,"C:\\Users\\jaina\\Desktop\\Learnings\\Hello-React\\src\\components\\RestaurantCard.js": {"path":"C:\\Users\\jaina\\Desktop\\Learnings\\Hello-React\\src\\components\\RestaurantCard.js","statementMap":{"0":{"start":{"line":3,"column":23},"end":{"line":22,"column":1}},"1":{"start":{"line":4,"column":22},"end":{"line":4,"column":27}},"2":{"start":{"line":5,"column":2},"end":{"line":21,"column":4}}},"fnMap":{"0":{"name":"(anonymous_0)","decl":{"start":{"line":3,"column":23},"end":{"line":3,"column":24}},"loc":{"start":{"line":3,"column":34},"end":{"line":22,"column":1}},"line":3}},"branchMap":{},"s":{"0":2,"1":73,"2":73},"f":{"0":73},"b":{},"_coverageSchema":"1a1c01bbd47fc00a2c39e90264f33305004495a9","hash":"7bb8cc24a9a32f1ee93e07208ffacab0bf99c558"}
,"C:\\Users\\jaina\\Desktop\\Learnings\\Hello-React\\src\\components\\RestaurantMenu.js": {"path":"C:\\Users\\jaina\\Desktop\\Learnings\\Hello-React\\src\\components\\RestaurantMenu.js","statementMap":{"0":{"start":{"line":7,"column":23},"end":{"line":66,"column":1}},"1":{"start":{"line":8,"column":20},"end":{"line":8,"column":31}},"2":{"start":{"line":10,"column":36},"end":{"line":10,"column":50}},"3":{"start":{"line":12,"column":19},"end":{"line":12,"column":43}},"4":{"start":{"line":14,"column":2},"end":{"line":16,"column":3}},"5":{"start":{"line":15,"column":4},"end":{"line":15,"column":23}},"6":{"start":{"line":19,"column":4},"end":{"line":19,"column":40}},"7":{"start":{"line":22,"column":4},"end":{"line":23,"column":12}},"8":{"start":{"line":25,"column":23},"end":{"line":25,"column":32}},"9":{"start":{"line":27,"column":2},"end":{"line":32,"column":3}},"10":{"start":{"line":29,"column":6},"end":{"line":30,"column":14}},"11":{"start":{"line":31,"column":4},"end":{"line":31,"column":31}},"12":{"start":{"line":36,"column":4},"end":{"line":40,"column":5}},"13":{"start":{"line":38,"column":8},"end":{"line":39,"column":70}},"14":{"start":{"line":44,"column":2},"end":{"line":65,"column":4}},"15":{"start":{"line":54,"column":10},"end":{"line":61,"column":12}},"16":{"start":{"line":59,"column":14},"end":{"line":59,"column":76}}},"fnMap":{"0":{"name":"(anonymous_0)","decl":{"start":{"line":7,"column":23},"end":{"line":7,"column":24}},"loc":{"start":{"line":7,"column":29},"end":{"line":66,"column":1}},"line":7},"1":{"name":"(anonymous_1)","decl":{"start":{"line":37,"column":6},"end":{"line":37,"column":7}},"loc":{"start":{"line":38,"column":8},"end":{"line":39,"column":70}},"line":38},"2":{"name":"(anonymous_2)","decl":{"start":{"line":52,"column":24},"end":{"line":52,"column":25}},"loc":{"start":{"line":54,"column":10},"end":{"line":61,"column":12}},"line":54},"3":{"name":"(anonymous_3)","decl":{"start":{"line":58,"column":26},"end":{"line":58,"column":27}},"loc":{"start":{"line":59,"column":14},"end":{"line":59,"column":76}},"line":59}},"branchMap":{"0":{"loc":{"start":{"line":14,"column":2},"end":{"line":16,"column":3}},"type":"if","locations":[{"start":{"line":14,"column":2},"end":{"line":16,"column":3}},{"start":{},"end":{}}],"line":14},"1":{"loc":{"start":{"line":27,"column":2},"end":{"line":32,"column":3}},"type":"if","locations":[{"start":{"line":27,"column":2},"end":{"line":32,"column":3}},{"start":{},"end":{}}],"line":27},"2":{"loc":{"start":{"line":27,"column":6},"end":{"line":27,"column":61}},"type":"binary-expr","locations":[{"start":{"line":27,"column":6},"end":{"line":27,"column":29}},{"start":{"line":27,"column":33},"end":{"line":27,"column":61}}],"line":27},"3":{"loc":{"start":{"line":57,"column":23},"end":{"line":57,"column":50}},"type":"binary-expr","locations":[{"start":{"line":57,"column":23},"end":{"line":57,"column":42}},{"start":{"line":57,"column":46},"end":{"line":57,"column":50}}],"line":57},"4":{"loc":{"start":{"line":59,"column":14},"end":{"line":59,"column":76}},"type":"cond-expr","locations":[{"start":{"line":59,"column":36},"end":{"line":59,"column":54}},{"start":{"line":59,"column":57},"end":{"line":59,"column":76}}],"line":59}},"s":{"0":1,"1":3,"2":3,"3":3,"4":3,"5":1,"6":2,"7":2,"8":2,"9":2,"10":0,"11":0,"12":2,"13":28,"14":2,"15":14,"16":1},"f":{"0":3,"1":28,"2":14,"3":1},"b":{"0":[1,2],"1":[0,2],"2":[2,2],"3":[14,1],"4":[0,1]},"_coverageSchema":"1a1c01bbd47fc00a2c39e90264f33305004495a9","hash":"98e7c105630ec90b4b1a57d288af079c1d739dff"}
,"C:\\Users\\jaina\\Desktop\\Learnings\\Hello-React\\src\\components\\sum.js": {"path":"C:\\Users\\jaina\\Desktop\\Learnings\\Hello-React\\src\\components\\sum.js","statementMap":{"0":{"start":{"line":1,"column":19},"end":{"line":3,"column":1}},"1":{"start":{"line":2,"column":2},"end":{"line":2,"column":15}}},"fnMap":{"0":{"name":"(anonymous_0)","decl":{"start":{"line":1,"column":19},"end":{"line":1,"column":20}},"loc":{"start":{"line":1,"column":29},"end":{"line":3,"column":1}},"line":1}},"branchMap":{},"s":{"0":1,"1":1},"f":{"0":1},"b":{},"_coverageSchema":"1a1c01bbd47fc00a2c39e90264f33305004495a9","hash":"3b3352f9b24bec24241fef412994770ba5de48b8"}
}
