TN:
SF:src\Utils\appStore.js
FNF:0
FNH:0
DA:4,2
LF:1
LH:1
BRF:0
BRH:0
end_of_record
TN:
SF:src\components\Body.js
FN:8,(anonymous_0)
FN:19,(anonymous_1)
FN:23,(anonymous_2)
FN:60,(anonymous_3)
FN:66,(anonymous_4)
FN:67,(anonymous_5)
FN:77,(anonymous_6)
FN:79,(anonymous_7)
FN:88,(anonymous_8)
FN:100,(anonymous_9)
FN:107,(anonymous_10)
FNF:11
FNH:9
FNDA:7,(anonymous_0)
FNDA:2,(anonymous_1)
FNDA:2,(anonymous_2)
FNDA:1,(anonymous_3)
FNDA:1,(anonymous_4)
FNDA:20,(anonymous_5)
FNDA:1,(anonymous_6)
FNDA:20,(anonymous_7)
FNDA:0,(anonymous_8)
FNDA:0,(anonymous_9)
FNDA:72,(anonymous_10)
DA:8,1
DA:9,7
DA:10,7
DA:11,7
DA:13,7
DA:15,7
DA:19,7
DA:20,2
DA:23,7
DA:24,2
DA:27,2
DA:28,2
DA:31,2
DA:38,7
DA:40,7
DA:41,0
DA:48,7
DA:49,2
DA:52,5
DA:61,1
DA:67,1
DA:68,20
DA:70,1
DA:78,1
DA:79,20
DA:81,1
DA:89,0
DA:101,0
DA:108,72
LF:29
LH:26
BRDA:40,0,0,0
BRDA:40,0,1,7
BRDA:48,1,0,2
BRDA:48,1,1,5
BRF:4
BRH:3
end_of_record
TN:
SF:src\components\Cart.js
FN:5,(anonymous_0)
FN:6,(anonymous_1)
FN:9,(anonymous_2)
FNF:3
FNH:3
FNDA:4,(anonymous_0)
FNDA:8,(anonymous_1)
FNDA:1,(anonymous_2)
DA:5,1
DA:6,8
DA:8,4
DA:9,4
DA:10,1
DA:12,4
LF:6
LH:6
BRDA:22,0,0,4
BRDA:22,0,1,2
BRF:2
BRH:2
end_of_record
TN:
SF:src\components\Contact.js
FN:1,(anonymous_0)
FNF:1
FNH:1
FNDA:3,(anonymous_0)
DA:1,1
DA:2,3
LF:2
LH:2
BRF:0
BRH:0
end_of_record
TN:
SF:src\components\Header.js
FN:8,(anonymous_0)
FN:19,(anonymous_1)
FN:60,(anonymous_2)
FNF:3
FNH:3
FNDA:9,(anonymous_0)
FNDA:17,(anonymous_1)
FNDA:1,(anonymous_2)
DA:8,2
DA:9,9
DA:11,9
DA:15,9
DA:17,9
DA:19,17
DA:23,9
DA:61,1
LF:8
LH:8
BRDA:28,0,0,9
BRDA:28,0,1,0
BRDA:58,1,0,8
BRDA:58,1,1,1
BRDA:61,2,0,1
BRDA:61,2,1,0
BRDA:69,3,0,1
BRDA:69,3,1,8
BRF:8
BRH:6
end_of_record
TN:
SF:src\components\Itemlist.js
FN:5,(anonymous_0)
FN:7,(anonymous_1)
FN:14,(anonymous_2)
FN:44,(anonymous_3)
FNF:4
FNH:4
FNDA:5,(anonymous_0)
FNDA:2,(anonymous_1)
FNDA:23,(anonymous_2)
FNDA:2,(anonymous_3)
DA:5,1
DA:6,5
DA:7,5
DA:9,2
DA:12,5
DA:15,23
DA:44,2
LF:7
LH:7
BRDA:27,0,0,23
BRDA:27,0,1,11
BRDA:31,1,0,21
BRDA:31,1,1,2
BRF:4
BRH:4
end_of_record
TN:
SF:src\components\RestaurantCard.js
FN:3,(anonymous_0)
FNF:1
FNH:1
FNDA:73,(anonymous_0)
DA:3,2
DA:4,73
DA:5,73
LF:3
LH:3
BRF:0
BRH:0
end_of_record
TN:
SF:src\components\RestaurantMenu.js
FN:7,(anonymous_0)
FN:37,(anonymous_1)
FN:52,(anonymous_2)
FN:58,(anonymous_3)
FNF:4
FNH:4
FNDA:3,(anonymous_0)
FNDA:28,(anonymous_1)
FNDA:14,(anonymous_2)
FNDA:1,(anonymous_3)
DA:7,1
DA:8,3
DA:10,3
DA:12,3
DA:14,3
DA:15,1
DA:19,2
DA:22,2
DA:25,2
DA:27,2
DA:29,0
DA:31,0
DA:36,2
DA:38,28
DA:44,2
DA:54,14
DA:59,1
LF:17
LH:15
BRDA:14,0,0,1
BRDA:14,0,1,2
BRDA:27,1,0,0
BRDA:27,1,1,2
BRDA:27,2,0,2
BRDA:27,2,1,2
BRDA:57,3,0,14
BRDA:57,3,1,1
BRDA:59,4,0,0
BRDA:59,4,1,1
BRF:10
BRH:8
end_of_record
TN:
SF:src\components\sum.js
FN:1,(anonymous_0)
FNF:1
FNH:1
FNDA:1,(anonymous_0)
DA:1,1
DA:2,1
LF:2
LH:2
BRF:0
BRH:0
end_of_record
